<?xml version="1.0" encoding="UTF-8"?>
<testsuite xmlns:xsi="http://www.w3.org/2001/XMLSchema-instance" xsi:noNamespaceSchemaLocation="https://maven.apache.org/surefire/maven-surefire-plugin/xsd/surefire-test-report-3.0.xsd" version="3.0" name="com.solucionfactible.dev.AreSameTest" time="0.079" tests="2" errors="0" skipped="0" failures="0">
  <properties>
    <property name="java.specification.version" value="21"/>
    <property name="sun.jnu.encoding" value="UTF-8"/>
    <property name="java.class.path" value="/home/saul/Desktop/de-ttd-03/target/test-classes:/home/saul/Desktop/de-ttd-03/target/classes:/home/saul/.m2/repository/junit/junit/4.13.2/junit-4.13.2.jar:/home/saul/.m2/repository/org/hamcrest/hamcrest-core/1.3/hamcrest-core-1.3.jar:/home/saul/.m2/repository/org/openjfx/javafx-controls/13/javafx-controls-13.jar:/home/saul/.m2/repository/org/openjfx/javafx-controls/13/javafx-controls-13-linux.jar:/home/saul/.m2/repository/org/openjfx/javafx-graphics/13/javafx-graphics-13.jar:/home/saul/.m2/repository/org/openjfx/javafx-graphics/13/javafx-graphics-13-linux.jar:/home/saul/.m2/repository/org/openjfx/javafx-base/13/javafx-base-13.jar:/home/saul/.m2/repository/org/openjfx/javafx-base/13/javafx-base-13-linux.jar:/home/saul/.m2/repository/org/openjfx/javafx-fxml/11/javafx-fxml-11.jar:/home/saul/.m2/repository/org/openjfx/javafx-fxml/11/javafx-fxml-11-linux.jar:"/>
    <property name="java.vm.vendor" value="Oracle Corporation"/>
    <property name="sun.arch.data.model" value="64"/>
    <property name="java.vendor.url" value="https://java.oracle.com/"/>
    <property name="os.name" value="Linux"/>
    <property name="java.vm.specification.version" value="21"/>
    <property name="user.country" value="US"/>
    <property name="sun.java.launcher" value="SUN_STANDARD"/>
    <property name="sun.boot.library.path" value="/usr/lib/jvm/jdk-21-oracle-x64/lib"/>
    <property name="sun.java.command" value="/home/saul/Desktop/de-ttd-03/target/surefire/surefirebooter-20240420232932576_3.jar /home/saul/Desktop/de-ttd-03/target/surefire 2024-04-20T23-29-32_513-jvmRun1 surefire-20240420232932576_1tmp surefire_0-20240420232932576_2tmp"/>
    <property name="jdk.debug" value="release"/>
    <property name="test" value="com.solucionfactible.dev.AreSameTest"/>
    <property name="surefire.test.class.path" value="/home/saul/Desktop/de-ttd-03/target/test-classes:/home/saul/Desktop/de-ttd-03/target/classes:/home/saul/.m2/repository/junit/junit/4.13.2/junit-4.13.2.jar:/home/saul/.m2/repository/org/hamcrest/hamcrest-core/1.3/hamcrest-core-1.3.jar:/home/saul/.m2/repository/org/openjfx/javafx-controls/13/javafx-controls-13.jar:/home/saul/.m2/repository/org/openjfx/javafx-controls/13/javafx-controls-13-linux.jar:/home/saul/.m2/repository/org/openjfx/javafx-graphics/13/javafx-graphics-13.jar:/home/saul/.m2/repository/org/openjfx/javafx-graphics/13/javafx-graphics-13-linux.jar:/home/saul/.m2/repository/org/openjfx/javafx-base/13/javafx-base-13.jar:/home/saul/.m2/repository/org/openjfx/javafx-base/13/javafx-base-13-linux.jar:/home/saul/.m2/repository/org/openjfx/javafx-fxml/11/javafx-fxml-11.jar:/home/saul/.m2/repository/org/openjfx/javafx-fxml/11/javafx-fxml-11-linux.jar:"/>
    <property name="sun.cpu.endian" value="little"/>
    <property name="user.home" value="/home/saul"/>
    <property name="user.language" value="en"/>
    <property name="java.specification.vendor" value="Oracle Corporation"/>
    <property name="java.version.date" value="2024-01-16"/>
    <property name="java.home" value="/usr/lib/jvm/jdk-21-oracle-x64"/>
    <property name="file.separator" value="/"/>
    <property name="basedir" value="/home/saul/Desktop/de-ttd-03"/>
    <property name="java.vm.compressedOopsMode" value="Zero based"/>
    <property name="line.separator" value="&#10;"/>
    <property name="java.specification.name" value="Java Platform API Specification"/>
    <property name="java.vm.specification.vendor" value="Oracle Corporation"/>
    <property name="surefire.real.class.path" value="/home/saul/Desktop/de-ttd-03/target/surefire/surefirebooter-20240420232932576_3.jar"/>
    <property name="sun.management.compiler" value="HotSpot 64-Bit Tiered Compilers"/>
    <property name="java.runtime.version" value="21.0.2+13-LTS-58"/>
    <property name="user.name" value="saul"/>
    <property name="stdout.encoding" value="UTF-8"/>
    <property name="path.separator" value=":"/>
    <property name="os.version" value="6.5.0-28-generic"/>
    <property name="java.runtime.name" value="Java(TM) SE Runtime Environment"/>
    <property name="file.encoding" value="UTF-8"/>
    <property name="java.vm.name" value="Java HotSpot(TM) 64-Bit Server VM"/>
    <property name="maven.ext.class.path" value="/snap/netbeans/93/netbeans/java/maven-nblib/netbeans-eventspy.jar"/>
    <property name="localRepository" value="/home/saul/.m2/repository"/>
    <property name="java.vendor.url.bug" value="https://bugreport.java.com/bugreport/"/>
    <property name="java.io.tmpdir" value="/tmp"/>
    <property name="java.version" value="21.0.2"/>
    <property name="user.dir" value="/home/saul/Desktop/de-ttd-03"/>
    <property name="os.arch" value="amd64"/>
    <property name="java.vm.specification.name" value="Java Virtual Machine Specification"/>
    <property name="native.encoding" value="UTF-8"/>
    <property name="java.library.path" value="/usr/java/packages/lib:/usr/lib64:/lib64:/lib:/usr/lib"/>
    <property name="java.vm.info" value="mixed mode, sharing"/>
    <property name="stderr.encoding" value="UTF-8"/>
    <property name="java.vendor" value="Oracle Corporation"/>
    <property name="java.vm.version" value="21.0.2+13-LTS-58"/>
    <property name="sun.io.unicode.encoding" value="UnicodeLittle"/>
    <property name="java.class.version" value="65.0"/>
  </properties>
  <testcase name="validTest" classname="com.solucionfactible.dev.AreSameTest" time="0.012"/>
  <testcase name="invalidTest" classname="com.solucionfactible.dev.AreSameTest" time="0.0"/>
</testsuite>